[debug] [2023-08-05T17:32:28.321Z] ----------------------------------------------------------------------
[debug] [2023-08-05T17:32:28.324Z] Command:       /usr/local/bin/node /usr/local/bin/firebase init
[debug] [2023-08-05T17:32:28.325Z] CLI Version:   12.4.7
[debug] [2023-08-05T17:32:28.325Z] Platform:      darwin
[debug] [2023-08-05T17:32:28.326Z] Node Version:  v18.16.1
[debug] [2023-08-05T17:32:28.327Z] Time:          Sat Aug 05 2023 19:32:28 GMT+0200 (Central European Summer Time)
[debug] [2023-08-05T17:32:28.327Z] ----------------------------------------------------------------------
[debug] 
[debug] [2023-08-05T17:32:28.335Z] > command requires scopes: ["email","openid","https://www.googleapis.com/auth/cloudplatformprojects.readonly","https://www.googleapis.com/auth/firebase","https://www.googleapis.com/auth/cloud-platform"]
[debug] [2023-08-05T17:32:28.336Z] > authorizing via signed-in user (ristoranteaimurazzi@gmail.com)
[info] 
     ######## #### ########  ######## ########     ###     ######  ########
     ##        ##  ##     ## ##       ##     ##  ##   ##  ##       ##
     ######    ##  ########  ######   ########  #########  ######  ######
     ##        ##  ##    ##  ##       ##     ## ##     ##       ## ##
     ##       #### ##     ## ######## ########  ##     ##  ######  ########

You're about to initialize a Firebase project in this directory:

  /Users/guglielmopiasenti/Desktop/ristorante-ai-murazzi

[info] 
=== Project Setup
[info] 
[info] First, let's associate this project directory with a Firebase project.
[info] You can create multiple project aliases by running firebase use --add, 
[info] but for now we'll just set up a default project.
[info] 
[debug] [2023-08-05T17:32:57.070Z] >>> [apiv2][query] GET https://firebase.googleapis.com/v1beta1/projects pageSize=100
[debug] [2023-08-05T17:32:57.763Z] <<< [apiv2][status] GET https://firebase.googleapis.com/v1beta1/projects 200
[debug] [2023-08-05T17:32:57.763Z] <<< [apiv2][body] GET https://firebase.googleapis.com/v1beta1/projects [omitted]
[info] i  Using project ristorante-ai-murazzi (ristorante-ai-murazzi) 
[info] 
=== Hosting Setup
[info] 
[info] Your public directory is the folder (relative to your project directory) that
[info] will contain Hosting assets to be uploaded with firebase deploy. If you
[info] have a build process for your assets, use your build's output directory.
[info] 
[debug] [2023-08-05T17:33:20.937Z] >>> [apiv2][query] GET https://www.gstatic.com/firebasejs/releases.json [none]
[debug] [2023-08-05T17:33:21.027Z] <<< [apiv2][status] GET https://www.gstatic.com/firebasejs/releases.json 200
[debug] [2023-08-05T17:33:21.027Z] <<< [apiv2][body] GET https://www.gstatic.com/firebasejs/releases.json {"current":{"version":"10.1.0","browserURL":"https://www.gstatic.com/firebasejs/10.1.0/firebase.js","packageURL":"https://www.gstatic.com/firebasejs/10.1.0/firebase.tgz"},"live":{"version":"10.1","browserURL":"https://www.gstatic.com/firebasejs/live/10.1/firebase.js","packageURL":"https://www.gstatic.com/firebasejs/live/10.1/firebase.tgz"},"components":{"analytics":"https://www.gstatic.com/firebasejs/10.1.0/firebase-analytics.js","app":"https://www.gstatic.com/firebasejs/10.1.0/firebase-app.js","app-check":"https://www.gstatic.com/firebasejs/10.1.0/firebase-app-check.js","auth":"https://www.gstatic.com/firebasejs/10.1.0/firebase-auth.js","auth/cordova":"https://www.gstatic.com/firebasejs/10.1.0/firebase-auth/cordova.js","functions":"https://www.gstatic.com/firebasejs/10.1.0/firebase-functions.js","firestore":"https://www.gstatic.com/firebasejs/10.1.0/firebase-firestore.js","firestore/lite":"https://www.gstatic.com/firebasejs/10.1.0/firebase-firestore/lite.js","installations":"https://www.gstatic.com/firebasejs/10.1.0/firebase-installations.js","storage":"https://www.gstatic.com/firebasejs/10.1.0/firebase-storage.js","performance":"https://www.gstatic.com/firebasejs/10.1.0/firebase-performance.js","remote-config":"https://www.gstatic.com/firebasejs/10.1.0/firebase-remote-config.js","messaging":"https://www.gstatic.com/firebasejs/10.1.0/firebase-messaging.js","messaging/sw":"https://www.gstatic.com/firebasejs/10.1.0/firebase-messaging/sw.js","database":"https://www.gstatic.com/firebasejs/10.1.0/firebase-database.js","firestore.memory":"https://www.gstatic.com/firebasejs/10.1.0/firebase-firestore.memory.js"}}
[info] ✔  Wrote public/index.html 
[info] 
[info] i  Didn't detect a .git folder. Assuming /Users/guglielmopiasenti/Desktop/ristorante-ai-murazzi is the project root. 
[info] i  Authorizing with GitHub to upload your service account to a GitHub repository's secrets store. 
[info] 
[info] Visit this URL on this device to log in:
[info] https://github.com/login/oauth/authorize?client_id=89cf50f02ac6aaed3484&state=237367792&redirect_uri=http%3A%2F%2Flocalhost%3A9005&scope=read%3Auser%20repo%20public_repo
[info] 
[info] Waiting for authentication...
[debug] [2023-08-05T17:33:42.961Z] >>> [apiv2][query] POST https://github.com/login/oauth/access_token [none]
[debug] [2023-08-05T17:33:42.961Z] >>> [apiv2][body] POST https://github.com/login/oauth/access_token [stream]
[debug] [2023-08-05T17:33:43.261Z] <<< [apiv2][status] POST https://github.com/login/oauth/access_token 200
[debug] [2023-08-05T17:33:43.261Z] <<< [apiv2][body] POST https://github.com/login/oauth/access_token {"access_token":"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","token_type":"bearer","scope":"read:user,repo"}
[debug] [2023-08-05T17:33:43.352Z] >>> [apiv2][query] GET https://api.github.com/user [none]
[debug] [2023-08-05T17:33:43.759Z] <<< [apiv2][status] GET https://api.github.com/user 200
[debug] [2023-08-05T17:33:43.760Z] <<< [apiv2][body] GET https://api.github.com/user {"login":"guglielmopiasenti","id":127347994,"node_id":"U_kgDOB5ctGg","avatar_url":"https://avatars.githubusercontent.com/u/127347994?v=4","gravatar_id":"","url":"https://api.github.com/users/guglielmopiasenti","html_url":"https://github.com/guglielmopiasenti","followers_url":"https://api.github.com/users/guglielmopiasenti/followers","following_url":"https://api.github.com/users/guglielmopiasenti/following{/other_user}","gists_url":"https://api.github.com/users/guglielmopiasenti/gists{/gist_id}","starred_url":"https://api.github.com/users/guglielmopiasenti/starred{/owner}{/repo}","subscriptions_url":"https://api.github.com/users/guglielmopiasenti/subscriptions","organizations_url":"https://api.github.com/users/guglielmopiasenti/orgs","repos_url":"https://api.github.com/users/guglielmopiasenti/repos","events_url":"https://api.github.com/users/guglielmopiasenti/events{/privacy}","received_events_url":"https://api.github.com/users/guglielmopiasenti/received_events","type":"User","site_admin":false,"name":"guglielmopiasenti","company":null,"blog":"","location":null,"email":null,"hireable":null,"bio":null,"twitter_username":null,"public_repos":53,"public_gists":0,"followers":0,"following":0,"created_at":"2023-03-08T20:12:22Z","updated_at":"2023-06-07T21:20:07Z","private_gists":0,"total_private_repos":0,"owned_private_repos":0,"disk_usage":22703,"collaborators":0,"two_factor_authentication":false,"plan":{"name":"free","space":976562499,"collaborators":0,"private_repos":10000}}
[info] 
[info] ✔  Success! Logged into GitHub as guglielmopiasenti 
[info] 
